# JRE version: OpenJDK Runtime Environment (17.0.6) (build 17.0.6+0-b2043.56-10027231)
# Java VM: OpenJDK 64-Bit Server VM (17.0.6+0-b2043.56-10027231, mixed mode, tiered, compressed oops, compressed class ptrs, g1 gc, windows-amd64)
GC Precious Log:
 CPUs: 8 total, 8 available
 Memory: 8060M
 Large Page Support: Disabled
 NUMA Support: Disabled
 Compressed Oops: Enabled (32-bit)
 Heap Region Size: 1M
 Heap Min Capacity: 8M
 Heap Initial Capacity: 126M
 Heap Max Capacity: 2G
 Pre-touch: Disabled
 Parallel Workers: 8
 Concurrent Workers: 2
 Concurrent Refinement Workers: 8
 Periodic GC: Disabled
Heap:
 garbage-first heap   total 332800K, used 198610K [0x0000000080000000, 0x0000000100000000)
  region size 1024K, 2 young (2048K), 2 survivors (2048K)
 Metaspace       used 96827K, committed 97472K, reserved 1138688K
  class space    used 13332K, committed 13632K, reserved 1048576K
GC Heap History (20 events):
Event: 16.318 GC heap after
{Heap after GC invocations=44 (full 0):
 garbage-first heap   total 152576K, used 89235K [0x0000000080000000, 0x0000000100000000)
  region size 1024K, 3 young (3072K), 3 survivors (3072K)
 Metaspace       used 88630K, committed 89216K, reserved 1130496K
  class space    used 11958K, committed 12224K, reserved 1048576K
}
Event: 16.781 GC heap before
{Heap before GC invocations=45 (full 0):
 garbage-first heap   total 160768K, used 110739K [0x0000000080000000, 0x0000000100000000)
  region size 1024K, 25 young (25600K), 3 survivors (3072K)
 Metaspace       used 88962K, committed 89536K, reserved 1130496K
  class space    used 11985K, committed 12224K, reserved 1048576K
}
Event: 16.784 GC heap after
{Heap after GC invocations=46 (full 0):
 garbage-first heap   total 160768K, used 93119K [0x0000000080000000, 0x0000000100000000)
  region size 1024K, 5 young (5120K), 5 survivors (5120K)
 Metaspace       used 88962K, committed 89536K, reserved 1130496K
  class space    used 11985K, committed 12224K, reserved 1048576K
}
Event: 16.991 GC heap before
{Heap before GC invocations=47 (full 0):
 garbage-first heap   total 162816K, used 97215K [0x0000000080000000, 0x0000000100000000)
  region size 1024K, 8 young (8192K), 5 survivors (5120K)
 Metaspace       used 89275K, committed 89920K, reserved 1130496K
  class space    used 12028K, committed 12352K, reserved 1048576K
}
Event: 16.995 GC heap after
{Heap after GC invocations=48 (full 0):
 garbage-first heap   total 162816K, used 95804K [0x0000000080000000, 0x0000000100000000)
  region size 1024K, 4 young (4096K), 4 survivors (4096K)
 Metaspace       used 89275K, committed 89920K, reserved 1130496K
  class space    used 12028K, committed 12352K, reserved 1048576K
}
Event: 17.224 GC heap before
{Heap before GC invocations=49 (full 0):
 garbage-first heap   total 173056K, used 109116K [0x0000000080000000, 0x0000000100000000)
  region size 1024K, 14 young (14336K), 4 survivors (4096K)
 Metaspace       used 91693K, committed 92288K, reserved 1130496K
  class space    used 12385K, committed 12672K, reserved 1048576K
}
Event: 17.227 GC heap after
{Heap after GC invocations=50 (full 0):
 garbage-first heap   total 173056K, used 101908K [0x0000000080000000, 0x0000000100000000)
  region size 1024K, 2 young (2048K), 2 survivors (2048K)
 Metaspace       used 91693K, committed 92288K, reserved 1130496K
  class space    used 12385K, committed 12672K, reserved 1048576K
}
Event: 17.523 GC heap before
{Heap before GC invocations=51 (full 0):
 garbage-first heap   total 232448K, used 162324K [0x0000000080000000, 0x0000000100000000)
  region size 1024K, 38 young (38912K), 2 survivors (2048K)
 Metaspace       used 92174K, committed 92800K, reserved 1130496K
  class space    used 12461K, committed 12800K, reserved 1048576K
}
Event: 17.534 GC heap after
{Heap after GC invocations=52 (full 0):
 garbage-first heap   total 279552K, used 128528K [0x0000000080000000, 0x0000000100000000)
  region size 1024K, 5 young (5120K), 5 survivors (5120K)
 Metaspace       used 92174K, committed 92800K, reserved 1130496K
  class space    used 12461K, committed 12800K, reserved 1048576K
}
Event: 17.573 GC heap before
{Heap before GC invocations=52 (full 0):
 garbage-first heap   total 279552K, used 136720K [0x0000000080000000, 0x0000000100000000)
  region size 1024K, 13 young (13312K), 5 survivors (5120K)
 Metaspace       used 92174K, committed 92800K, reserved 1130496K
  class space    used 12461K, committed 12800K, reserved 1048576K
}
Event: 17.580 GC heap after
{Heap after GC invocations=53 (full 0):
 garbage-first heap   total 279552K, used 132096K [0x0000000080000000, 0x0000000100000000)
  region size 1024K, 2 young (2048K), 2 survivors (2048K)
 Metaspace       used 92174K, committed 92800K, reserved 1130496K
  class space    used 12461K, committed 12800K, reserved 1048576K
}
Event: 17.593 GC heap before
{Heap before GC invocations=53 (full 0):
 garbage-first heap   total 279552K, used 135168K [0x0000000080000000, 0x0000000100000000)
  region size 1024K, 6 young (6144K), 2 survivors (2048K)
 Metaspace       used 92174K, committed 92800K, reserved 1130496K
  class space    used 12461K, committed 12800K, reserved 1048576K
}
Event: 17.597 GC heap after
{Heap after GC invocations=54 (full 0):
 garbage-first heap   total 279552K, used 133614K [0x0000000080000000, 0x0000000100000000)
  region size 1024K, 4 young (4096K), 4 survivors (4096K)
 Metaspace       used 92174K, committed 92800K, reserved 1130496K
  class space    used 12461K, committed 12800K, reserved 1048576K
}
Event: 17.934 GC heap before
{Heap before GC invocations=55 (full 0):
 garbage-first heap   total 279552K, used 204270K [0x0000000080000000, 0x0000000100000000)
  region size 1024K, 72 young (73728K), 4 survivors (4096K)
 Metaspace       used 94567K, committed 95232K, reserved 1138688K
  class space    used 12983K, committed 13312K, reserved 1048576K
}
Event: 17.960 GC heap after
{Heap after GC invocations=56 (full 0):
 garbage-first heap   total 279552K, used 165159K [0x0000000080000000, 0x0000000100000000)
  region size 1024K, 9 young (9216K), 9 survivors (9216K)
 Metaspace       used 94567K, committed 95232K, reserved 1138688K
  class space    used 12983K, committed 13312K, reserved 1048576K
}
Event: 18.087 GC heap before
{Heap before GC invocations=56 (full 0):
 garbage-first heap   total 279552K, used 209191K [0x0000000080000000, 0x0000000100000000)
  region size 1024K, 52 young (53248K), 9 survivors (9216K)
 Metaspace       used 94572K, committed 95232K, reserved 1138688K
  class space    used 12983K, committed 13312K, reserved 1048576K
}
Event: 18.115 GC heap after
{Heap after GC invocations=57 (full 0):
 garbage-first heap   total 279552K, used 187392K [0x0000000080000000, 0x0000000100000000)
  region size 1024K, 7 young (7168K), 7 survivors (7168K)
 Metaspace       used 94572K, committed 95232K, reserved 1138688K
  class space    used 12983K, committed 13312K, reserved 1048576K
}
Event: 18.423 GC heap before
{Heap before GC invocations=58 (full 0):
 garbage-first heap   total 332800K, used 218112K [0x0000000080000000, 0x0000000100000000)
  region size 1024K, 37 young (37888K), 7 survivors (7168K)
 Metaspace       used 96559K, committed 97216K, reserved 1138688K
  class space    used 13285K, committed 13568K, reserved 1048576K
}
Event: 18.441 GC heap after
{Heap after GC invocations=59 (full 0):
 garbage-first heap   total 332800K, used 196096K [0x0000000080000000, 0x0000000100000000)
  region size 1024K, 5 young (5120K), 5 survivors (5120K)
 Metaspace       used 96559K, committed 97216K, reserved 1138688K
  class space    used 13285K, committed 13568K, reserved 1048576K
}
Event: 18.524 GC heap before
{Heap before GC invocations=59 (full 0):
 garbage-first heap   total 332800K, used 206336K [0x0000000080000000, 0x0000000100000000)
  region size 1024K, 16 young (16384K), 5 survivors (5120K)
 Metaspace       used 96827K, committed 97472K, reserved 1138688K
  class space    used 13332K, committed 13632K, reserved 1048576K
}

