# JRE version: OpenJDK Runtime Environment (17.0.6) (build 17.0.6+0-b2043.56-10027231)
# Java VM: OpenJDK 64-Bit Server VM (17.0.6+0-b2043.56-10027231, mixed mode, tiered, compressed oops, compressed class ptrs, g1 gc, windows-amd64)
GC Precious Log:
 CPUs: 8 total, 8 available
 Memory: 8060M
 Large Page Support: Disabled
 NUMA Support: Disabled
 Compressed Oops: Enabled (32-bit)
 Heap Region Size: 1M
 Heap Min Capacity: 8M
 Heap Initial Capacity: 126M
 Heap Max Capacity: 2G
 Pre-touch: Disabled
 Parallel Workers: 8
 Concurrent Workers: 2
 Concurrent Refinement Workers: 8
 Periodic GC: Disabled
Heap:
 garbage-first heap   total 178176K, used 135592K [0x0000000080000000, 0x0000000100000000)
  region size 1024K, 18 young (18432K), 7 survivors (7168K)
 Metaspace       used 90214K, committed 90816K, reserved 1130496K
  class space    used 12220K, committed 12480K, reserved 1048576K
GC Heap History (20 events):
Event: 8.490 GC heap before
{Heap before GC invocations=25 (full 0):
 garbage-first heap   total 104448K, used 85207K [0x0000000080000000, 0x0000000100000000)
  region size 1024K, 29 young (29696K), 3 survivors (3072K)
 Metaspace       used 73982K, committed 74432K, reserved 1114112K
  class space    used 9919K, committed 10112K, reserved 1048576K
}
Event: 8.493 GC heap after
{Heap after GC invocations=26 (full 0):
 garbage-first heap   total 125952K, used 60629K [0x0000000080000000, 0x0000000100000000)
  region size 1024K, 3 young (3072K), 3 survivors (3072K)
 Metaspace       used 73982K, committed 74432K, reserved 1114112K
  class space    used 9919K, committed 10112K, reserved 1048576K
}
Event: 8.880 GC heap before
{Heap before GC invocations=27 (full 0):
 garbage-first heap   total 125952K, used 100565K [0x0000000080000000, 0x0000000100000000)
  region size 1024K, 42 young (43008K), 3 survivors (3072K)
 Metaspace       used 78810K, committed 79360K, reserved 1122304K
  class space    used 10601K, committed 10880K, reserved 1048576K
}
Event: 8.883 GC heap after
{Heap after GC invocations=28 (full 0):
 garbage-first heap   total 125952K, used 63887K [0x0000000080000000, 0x0000000100000000)
  region size 1024K, 6 young (6144K), 6 survivors (6144K)
 Metaspace       used 78810K, committed 79360K, reserved 1122304K
  class space    used 10601K, committed 10880K, reserved 1048576K
}
Event: 9.056 GC heap before
{Heap before GC invocations=28 (full 0):
 garbage-first heap   total 125952K, used 101775K [0x0000000080000000, 0x0000000100000000)
  region size 1024K, 43 young (44032K), 6 survivors (6144K)
 Metaspace       used 79416K, committed 80000K, reserved 1122304K
  class space    used 10722K, committed 11008K, reserved 1048576K
}
Event: 9.063 GC heap after
{Heap after GC invocations=29 (full 0):
 garbage-first heap   total 125952K, used 69815K [0x0000000080000000, 0x0000000100000000)
  region size 1024K, 6 young (6144K), 6 survivors (6144K)
 Metaspace       used 79416K, committed 80000K, reserved 1122304K
  class space    used 10722K, committed 11008K, reserved 1048576K
}
Event: 9.352 GC heap before
{Heap before GC invocations=30 (full 0):
 garbage-first heap   total 126976K, used 100535K [0x0000000080000000, 0x0000000100000000)
  region size 1024K, 37 young (37888K), 6 survivors (6144K)
 Metaspace       used 81241K, committed 81792K, reserved 1122304K
  class space    used 11085K, committed 11328K, reserved 1048576K
}
Event: 9.358 GC heap after
{Heap after GC invocations=31 (full 0):
 garbage-first heap   total 126976K, used 73511K [0x0000000080000000, 0x0000000100000000)
  region size 1024K, 4 young (4096K), 4 survivors (4096K)
 Metaspace       used 81241K, committed 81792K, reserved 1122304K
  class space    used 11085K, committed 11328K, reserved 1048576K
}
Event: 9.487 GC heap before
{Heap before GC invocations=31 (full 0):
 garbage-first heap   total 126976K, used 102183K [0x0000000080000000, 0x0000000100000000)
  region size 1024K, 33 young (33792K), 4 survivors (4096K)
 Metaspace       used 81420K, committed 81984K, reserved 1122304K
  class space    used 11089K, committed 11328K, reserved 1048576K
}
Event: 9.491 GC heap after
{Heap after GC invocations=32 (full 0):
 garbage-first heap   total 126976K, used 75563K [0x0000000080000000, 0x0000000100000000)
  region size 1024K, 3 young (3072K), 3 survivors (3072K)
 Metaspace       used 81420K, committed 81984K, reserved 1122304K
  class space    used 11089K, committed 11328K, reserved 1048576K
}
Event: 9.757 GC heap before
{Heap before GC invocations=33 (full 0):
 garbage-first heap   total 147456K, used 103211K [0x0000000080000000, 0x0000000100000000)
  region size 1024K, 31 young (31744K), 3 survivors (3072K)
 Metaspace       used 81901K, committed 82496K, reserved 1122304K
  class space    used 11136K, committed 11392K, reserved 1048576K
}
Event: 9.762 GC heap after
{Heap after GC invocations=34 (full 0):
 garbage-first heap   total 147456K, used 77824K [0x0000000080000000, 0x0000000100000000)
  region size 1024K, 4 young (4096K), 4 survivors (4096K)
 Metaspace       used 81901K, committed 82496K, reserved 1122304K
  class space    used 11136K, committed 11392K, reserved 1048576K
}
Event: 10.014 GC heap before
{Heap before GC invocations=34 (full 0):
 garbage-first heap   total 147456K, used 119808K [0x0000000080000000, 0x0000000100000000)
  region size 1024K, 46 young (47104K), 4 survivors (4096K)
 Metaspace       used 83803K, committed 84352K, reserved 1122304K
  class space    used 11326K, committed 11584K, reserved 1048576K
}
Event: 10.021 GC heap after
{Heap after GC invocations=35 (full 0):
 garbage-first heap   total 147456K, used 80700K [0x0000000080000000, 0x0000000100000000)
  region size 1024K, 6 young (6144K), 6 survivors (6144K)
 Metaspace       used 83803K, committed 84352K, reserved 1122304K
  class space    used 11326K, committed 11584K, reserved 1048576K
}
Event: 10.224 GC heap before
{Heap before GC invocations=36 (full 0):
 garbage-first heap   total 160768K, used 119612K [0x0000000080000000, 0x0000000100000000)
  region size 1024K, 45 young (46080K), 6 survivors (6144K)
 Metaspace       used 85247K, committed 85760K, reserved 1130496K
  class space    used 11521K, committed 11776K, reserved 1048576K
}
Event: 10.230 GC heap after
{Heap after GC invocations=37 (full 0):
 garbage-first heap   total 160768K, used 82890K [0x0000000080000000, 0x0000000100000000)
  region size 1024K, 5 young (5120K), 5 survivors (5120K)
 Metaspace       used 85247K, committed 85760K, reserved 1130496K
  class space    used 11521K, committed 11776K, reserved 1048576K
}
Event: 10.288 GC heap before
{Heap before GC invocations=37 (full 0):
 garbage-first heap   total 160768K, used 94154K [0x0000000080000000, 0x0000000100000000)
  region size 1024K, 18 young (18432K), 5 survivors (5120K)
 Metaspace       used 85740K, committed 86336K, reserved 1130496K
  class space    used 11578K, committed 11840K, reserved 1048576K
}
Event: 10.293 GC heap after
{Heap after GC invocations=38 (full 0):
 garbage-first heap   total 160768K, used 83214K [0x0000000080000000, 0x0000000100000000)
  region size 1024K, 3 young (3072K), 3 survivors (3072K)
 Metaspace       used 85740K, committed 86336K, reserved 1130496K
  class space    used 11578K, committed 11840K, reserved 1048576K
}
Event: 10.537 GC heap before
{Heap before GC invocations=39 (full 0):
 garbage-first heap   total 178176K, used 123150K [0x0000000080000000, 0x0000000100000000)
  region size 1024K, 32 young (32768K), 3 survivors (3072K)
 Metaspace       used 89828K, committed 90368K, reserved 1130496K
  class space    used 12154K, committed 12416K, reserved 1048576K
}
Event: 10.543 GC heap after
{Heap after GC invocations=40 (full 0):
 garbage-first heap   total 178176K, used 101800K [0x0000000080000000, 0x0000000100000000)
  region size 1024K, 7 young (7168K), 7 survivors (7168K)
 Metaspace       used 89828K, committed 90368K, reserved 1130496K
  class space    used 12154K, committed 12416K, reserved 1048576K
}

