# JRE version: OpenJDK Runtime Environment (17.0.6) (build 17.0.6+0-b2043.56-10027231)
# Java VM: OpenJDK 64-Bit Server VM (17.0.6+0-b2043.56-10027231, mixed mode, tiered, compressed oops, compressed class ptrs, g1 gc, windows-amd64)
GC Precious Log:
 CPUs: 8 total, 8 available
 Memory: 8060M
 Large Page Support: Disabled
 NUMA Support: Disabled
 Compressed Oops: Enabled (32-bit)
 Heap Region Size: 1M
 Heap Min Capacity: 8M
 Heap Initial Capacity: 126M
 Heap Max Capacity: 2G
 Pre-touch: Disabled
 Parallel Workers: 8
 Concurrent Workers: 2
 Concurrent Refinement Workers: 8
 Periodic GC: Disabled
Heap:
 garbage-first heap   total 221184K, used 169423K [0x0000000080000000, 0x0000000100000000)
  region size 1024K, 2 young (2048K), 2 survivors (2048K)
 Metaspace       used 96522K, committed 97280K, reserved 1138688K
  class space    used 12760K, committed 13120K, reserved 1048576K
GC Heap History (20 events):
Event: 27.405 GC heap after
{Heap after GC invocations=33 (full 0):
 garbage-first heap   total 221184K, used 110274K [0x0000000080000000, 0x0000000100000000)
  region size 1024K, 9 young (9216K), 9 survivors (9216K)
 Metaspace       used 91948K, committed 92544K, reserved 1130496K
  class space    used 12300K, committed 12608K, reserved 1048576K
}
Event: 28.226 GC heap before
{Heap before GC invocations=33 (full 0):
 garbage-first heap   total 221184K, used 169666K [0x0000000080000000, 0x0000000100000000)
  region size 1024K, 68 young (69632K), 9 survivors (9216K)
 Metaspace       used 93756K, committed 94400K, reserved 1130496K
  class space    used 12533K, committed 12864K, reserved 1048576K
}
Event: 28.237 GC heap after
{Heap after GC invocations=34 (full 0):
 garbage-first heap   total 221184K, used 113561K [0x0000000080000000, 0x0000000100000000)
  region size 1024K, 4 young (4096K), 4 survivors (4096K)
 Metaspace       used 93756K, committed 94400K, reserved 1130496K
  class space    used 12533K, committed 12864K, reserved 1048576K
}
Event: 104.392 GC heap before
{Heap before GC invocations=34 (full 0):
 garbage-first heap   total 221184K, used 189337K [0x0000000080000000, 0x0000000100000000)
  region size 1024K, 64 young (65536K), 4 survivors (4096K)
 Metaspace       used 95597K, committed 96256K, reserved 1138688K
  class space    used 12729K, committed 13056K, reserved 1048576K
}
Event: 104.433 GC heap after
{Heap after GC invocations=35 (full 0):
 garbage-first heap   total 221184K, used 126661K [0x0000000080000000, 0x0000000100000000)
  region size 1024K, 8 young (8192K), 8 survivors (8192K)
 Metaspace       used 95597K, committed 96256K, reserved 1138688K
  class space    used 12729K, committed 13056K, reserved 1048576K
}
Event: 105.321 GC heap before
{Heap before GC invocations=35 (full 0):
 garbage-first heap   total 221184K, used 190149K [0x0000000080000000, 0x0000000100000000)
  region size 1024K, 54 young (55296K), 8 survivors (8192K)
 Metaspace       used 95713K, committed 96384K, reserved 1138688K
  class space    used 12731K, committed 13056K, reserved 1048576K
}
Event: 105.344 GC heap after
{Heap after GC invocations=36 (full 0):
 garbage-first heap   total 221184K, used 134032K [0x0000000080000000, 0x0000000100000000)
  region size 1024K, 7 young (7168K), 7 survivors (7168K)
 Metaspace       used 95713K, committed 96384K, reserved 1138688K
  class space    used 12731K, committed 13056K, reserved 1048576K
}
Event: 109.753 GC heap before
{Heap before GC invocations=36 (full 0):
 garbage-first heap   total 221184K, used 176016K [0x0000000080000000, 0x0000000100000000)
  region size 1024K, 49 young (50176K), 7 survivors (7168K)
 Metaspace       used 95815K, committed 96448K, reserved 1138688K
  class space    used 12732K, committed 13056K, reserved 1048576K
}
Event: 109.768 GC heap after
{Heap after GC invocations=37 (full 0):
 garbage-first heap   total 221184K, used 140511K [0x0000000080000000, 0x0000000100000000)
  region size 1024K, 7 young (7168K), 7 survivors (7168K)
 Metaspace       used 95815K, committed 96448K, reserved 1138688K
  class space    used 12732K, committed 13056K, reserved 1048576K
}
Event: 292.689 GC heap before
{Heap before GC invocations=37 (full 0):
 garbage-first heap   total 221184K, used 190687K [0x0000000080000000, 0x0000000100000000)
  region size 1024K, 44 young (45056K), 7 survivors (7168K)
 Metaspace       used 96009K, committed 96640K, reserved 1138688K
  class space    used 12735K, committed 13056K, reserved 1048576K
}
Event: 292.797 GC heap after
{Heap after GC invocations=38 (full 0):
 garbage-first heap   total 221184K, used 136346K [0x0000000080000000, 0x0000000100000000)
  region size 1024K, 2 young (2048K), 2 survivors (2048K)
 Metaspace       used 96009K, committed 96640K, reserved 1138688K
  class space    used 12735K, committed 13056K, reserved 1048576K
}
Event: 414.130 GC heap before
{Heap before GC invocations=38 (full 0):
 garbage-first heap   total 221184K, used 181402K [0x0000000080000000, 0x0000000100000000)
  region size 1024K, 45 young (46080K), 2 survivors (2048K)
 Metaspace       used 96372K, committed 97088K, reserved 1138688K
  class space    used 12752K, committed 13120K, reserved 1048576K
}
Event: 414.162 GC heap after
{Heap after GC invocations=39 (full 0):
 garbage-first heap   total 221184K, used 143884K [0x0000000080000000, 0x0000000100000000)
  region size 1024K, 6 young (6144K), 6 survivors (6144K)
 Metaspace       used 96372K, committed 97088K, reserved 1138688K
  class space    used 12752K, committed 13120K, reserved 1048576K
}
Event: 414.486 GC heap before
{Heap before GC invocations=39 (full 0):
 garbage-first heap   total 221184K, used 180748K [0x0000000080000000, 0x0000000100000000)
  region size 1024K, 43 young (44032K), 6 survivors (6144K)
 Metaspace       used 96394K, committed 97152K, reserved 1138688K
  class space    used 12752K, committed 13120K, reserved 1048576K
}
Event: 414.581 GC heap after
{Heap after GC invocations=40 (full 0):
 garbage-first heap   total 221184K, used 160062K [0x0000000080000000, 0x0000000100000000)
  region size 1024K, 6 young (6144K), 6 survivors (6144K)
 Metaspace       used 96394K, committed 97152K, reserved 1138688K
  class space    used 12752K, committed 13120K, reserved 1048576K
}
Event: 414.746 GC heap before
{Heap before GC invocations=40 (full 0):
 garbage-first heap   total 221184K, used 173374K [0x0000000080000000, 0x0000000100000000)
  region size 1024K, 12 young (12288K), 6 survivors (6144K)
 Metaspace       used 96394K, committed 97152K, reserved 1138688K
  class space    used 12752K, committed 13120K, reserved 1048576K
}
Event: 414.800 GC heap after
{Heap after GC invocations=41 (full 0):
 garbage-first heap   total 221184K, used 168050K [0x0000000080000000, 0x0000000100000000)
  region size 1024K, 4 young (4096K), 4 survivors (4096K)
 Metaspace       used 96394K, committed 97152K, reserved 1138688K
  class space    used 12752K, committed 13120K, reserved 1048576K
}
Event: 414.803 GC heap before
{Heap before GC invocations=41 (full 0):
 garbage-first heap   total 221184K, used 172146K [0x0000000080000000, 0x0000000100000000)
  region size 1024K, 5 young (5120K), 4 survivors (4096K)
 Metaspace       used 96394K, committed 97152K, reserved 1138688K
  class space    used 12752K, committed 13120K, reserved 1048576K
}
Event: 414.806 GC heap after
{Heap after GC invocations=42 (full 0):
 garbage-first heap   total 221184K, used 168476K [0x0000000080000000, 0x0000000100000000)
  region size 1024K, 1 young (1024K), 1 survivors (1024K)
 Metaspace       used 96394K, committed 97152K, reserved 1138688K
  class space    used 12752K, committed 13120K, reserved 1048576K
}
Event: 415.349 GC heap before
{Heap before GC invocations=42 (full 0):
 garbage-first heap   total 221184K, used 184860K [0x0000000080000000, 0x0000000100000000)
  region size 1024K, 14 young (14336K), 1 survivors (1024K)
 Metaspace       used 96522K, committed 97280K, reserved 1138688K
  class space    used 12760K, committed 13120K, reserved 1048576K
}

