# JRE version: OpenJDK Runtime Environment (17.0.6) (build 17.0.6+0-b2043.56-10027231)
# Java VM: OpenJDK 64-Bit Server VM (17.0.6+0-b2043.56-10027231, mixed mode, tiered, compressed oops, compressed class ptrs, g1 gc, windows-amd64)
GC Precious Log:
 CPUs: 8 total, 8 available
 Memory: 8060M
 Large Page Support: Disabled
 NUMA Support: Disabled
 Compressed Oops: Enabled (32-bit)
 Heap Region Size: 1M
 Heap Min Capacity: 8M
 Heap Initial Capacity: 126M
 Heap Max Capacity: 2G
 Pre-touch: Disabled
 Parallel Workers: 8
 Concurrent Workers: 2
 Concurrent Refinement Workers: 8
 Periodic GC: Disabled
Heap:
 garbage-first heap   total 128000K, used 83451K [0x0000000080000000, 0x0000000100000000)
  region size 1024K, 21 young (21504K), 6 survivors (6144K)
 Metaspace       used 80563K, committed 81152K, reserved 1122304K
  class space    used 10948K, committed 11200K, reserved 1048576K
GC Heap History (20 events):
Event: 6.981 GC heap before
{Heap before GC invocations=14 (full 0):
 garbage-first heap   total 104448K, used 81384K [0x0000000080000000, 0x0000000100000000)
  region size 1024K, 47 young (48128K), 3 survivors (3072K)
 Metaspace       used 51310K, committed 51776K, reserved 1097728K
  class space    used 6740K, committed 6976K, reserved 1048576K
}
Event: 6.992 GC heap after
{Heap after GC invocations=15 (full 0):
 garbage-first heap   total 104448K, used 45123K [0x0000000080000000, 0x0000000100000000)
  region size 1024K, 6 young (6144K), 6 survivors (6144K)
 Metaspace       used 51310K, committed 51776K, reserved 1097728K
  class space    used 6740K, committed 6976K, reserved 1048576K
}
Event: 8.007 GC heap before
{Heap before GC invocations=15 (full 0):
 garbage-first heap   total 104448K, used 77891K [0x0000000080000000, 0x0000000100000000)
  region size 1024K, 38 young (38912K), 6 survivors (6144K)
 Metaspace       used 57342K, committed 57856K, reserved 1105920K
  class space    used 7474K, committed 7680K, reserved 1048576K
}
Event: 8.011 GC heap after
{Heap after GC invocations=16 (full 0):
 garbage-first heap   total 104448K, used 46938K [0x0000000080000000, 0x0000000100000000)
  region size 1024K, 2 young (2048K), 2 survivors (2048K)
 Metaspace       used 57342K, committed 57856K, reserved 1105920K
  class space    used 7474K, committed 7680K, reserved 1048576K
}
Event: 8.635 GC heap before
{Heap before GC invocations=16 (full 0):
 garbage-first heap   total 104448K, used 78682K [0x0000000080000000, 0x0000000100000000)
  region size 1024K, 34 young (34816K), 2 survivors (2048K)
 Metaspace       used 62329K, committed 62848K, reserved 1105920K
  class space    used 8125K, committed 8320K, reserved 1048576K
}
Event: 8.639 GC heap after
{Heap after GC invocations=17 (full 0):
 garbage-first heap   total 104448K, used 50215K [0x0000000080000000, 0x0000000100000000)
  region size 1024K, 5 young (5120K), 5 survivors (5120K)
 Metaspace       used 62329K, committed 62848K, reserved 1105920K
  class space    used 8125K, committed 8320K, reserved 1048576K
}
Event: 9.039 GC heap before
{Heap before GC invocations=17 (full 0):
 garbage-first heap   total 104448K, used 80935K [0x0000000080000000, 0x0000000100000000)
  region size 1024K, 35 young (35840K), 5 survivors (5120K)
 Metaspace       used 65307K, committed 65792K, reserved 1114112K
  class space    used 8497K, committed 8704K, reserved 1048576K
}
Event: 9.043 GC heap after
{Heap after GC invocations=18 (full 0):
 garbage-first heap   total 104448K, used 52269K [0x0000000080000000, 0x0000000100000000)
  region size 1024K, 3 young (3072K), 3 survivors (3072K)
 Metaspace       used 65307K, committed 65792K, reserved 1114112K
  class space    used 8497K, committed 8704K, reserved 1048576K
}
Event: 9.312 GC heap before
{Heap before GC invocations=18 (full 0):
 garbage-first heap   total 104448K, used 81965K [0x0000000080000000, 0x0000000100000000)
  region size 1024K, 32 young (32768K), 3 survivors (3072K)
 Metaspace       used 65819K, committed 66304K, reserved 1114112K
  class space    used 8567K, committed 8768K, reserved 1048576K
}
Event: 9.317 GC heap after
{Heap after GC invocations=19 (full 0):
 garbage-first heap   total 104448K, used 55127K [0x0000000080000000, 0x0000000100000000)
  region size 1024K, 4 young (4096K), 4 survivors (4096K)
 Metaspace       used 65819K, committed 66304K, reserved 1114112K
  class space    used 8567K, committed 8768K, reserved 1048576K
}
Event: 9.726 GC heap before
{Heap before GC invocations=20 (full 0):
 garbage-first heap   total 104448K, used 82775K [0x0000000080000000, 0x0000000100000000)
  region size 1024K, 31 young (31744K), 4 survivors (4096K)
 Metaspace       used 69382K, committed 69888K, reserved 1114112K
  class space    used 9232K, committed 9472K, reserved 1048576K
}
Event: 9.729 GC heap after
{Heap after GC invocations=21 (full 0):
 garbage-first heap   total 104448K, used 57265K [0x0000000080000000, 0x0000000100000000)
  region size 1024K, 2 young (2048K), 2 survivors (2048K)
 Metaspace       used 69382K, committed 69888K, reserved 1114112K
  class space    used 9232K, committed 9472K, reserved 1048576K
}
Event: 10.076 GC heap before
{Heap before GC invocations=21 (full 0):
 garbage-first heap   total 104448K, used 84913K [0x0000000080000000, 0x0000000100000000)
  region size 1024K, 29 young (29696K), 2 survivors (2048K)
 Metaspace       used 72136K, committed 72640K, reserved 1114112K
  class space    used 9649K, committed 9856K, reserved 1048576K
}
Event: 10.079 GC heap after
{Heap after GC invocations=22 (full 0):
 garbage-first heap   total 104448K, used 59190K [0x0000000080000000, 0x0000000100000000)
  region size 1024K, 4 young (4096K), 4 survivors (4096K)
 Metaspace       used 72136K, committed 72640K, reserved 1114112K
  class space    used 9649K, committed 9856K, reserved 1048576K
}
Event: 10.398 GC heap before
{Heap before GC invocations=23 (full 0):
 garbage-first heap   total 106496K, used 84790K [0x0000000080000000, 0x0000000100000000)
  region size 1024K, 29 young (29696K), 4 survivors (4096K)
 Metaspace       used 74501K, committed 74944K, reserved 1114112K
  class space    used 9993K, committed 10176K, reserved 1048576K
}
Event: 10.402 GC heap after
{Heap after GC invocations=24 (full 0):
 garbage-first heap   total 106496K, used 61018K [0x0000000080000000, 0x0000000100000000)
  region size 1024K, 3 young (3072K), 3 survivors (3072K)
 Metaspace       used 74501K, committed 74944K, reserved 1114112K
  class space    used 9993K, committed 10176K, reserved 1048576K
}
Event: 10.787 GC heap before
{Heap before GC invocations=24 (full 0):
 garbage-first heap   total 106496K, used 85594K [0x0000000080000000, 0x0000000100000000)
  region size 1024K, 28 young (28672K), 3 survivors (3072K)
 Metaspace       used 78363K, committed 78848K, reserved 1122304K
  class space    used 10529K, committed 10752K, reserved 1048576K
}
Event: 10.791 GC heap after
{Heap after GC invocations=25 (full 0):
 garbage-first heap   total 128000K, used 62617K [0x0000000080000000, 0x0000000100000000)
  region size 1024K, 4 young (4096K), 4 survivors (4096K)
 Metaspace       used 78363K, committed 78848K, reserved 1122304K
  class space    used 10529K, committed 10752K, reserved 1048576K
}
Event: 11.144 GC heap before
{Heap before GC invocations=26 (full 0):
 garbage-first heap   total 128000K, used 103577K [0x0000000080000000, 0x0000000100000000)
  region size 1024K, 44 young (45056K), 4 survivors (4096K)
 Metaspace       used 78944K, committed 79488K, reserved 1122304K
  class space    used 10608K, committed 10816K, reserved 1048576K
}
Event: 11.151 GC heap after
{Heap after GC invocations=27 (full 0):
 garbage-first heap   total 128000K, used 69115K [0x0000000080000000, 0x0000000100000000)
  region size 1024K, 6 young (6144K), 6 survivors (6144K)
 Metaspace       used 78944K, committed 79488K, reserved 1122304K
  class space    used 10608K, committed 10816K, reserved 1048576K
}

